[debug] [2019-10-15T23:33:23.516Z] ----------------------------------------------------------------------
[debug] [2019-10-15T23:33:23.516Z] Command:       C:\Program Files\nodejs\node.exe C:\Users\Toxon\AppData\Roaming\npm\node_modules\firebase-tools\lib\bin\firebase.js serve
[debug] [2019-10-15T23:33:23.516Z] CLI Version:   7.5.0
[debug] [2019-10-15T23:33:23.516Z] Platform:      win32
[debug] [2019-10-15T23:33:23.516Z] Node Version:  v10.16.3
[debug] [2019-10-15T23:33:23.516Z] Time:          Tue Oct 15 2019 18:33:23 GMT-0500 (GMT-05:00)
[debug] [2019-10-15T23:33:23.516Z] ----------------------------------------------------------------------
[debug] 
[debug] [2019-10-15T23:33:23.563Z] > command requires scopes: ["email","openid","https://www.googleapis.com/auth/cloudplatformprojects.readonly","https://www.googleapis.com/auth/firebase","https://www.googleapis.com/auth/cloud-platform"]
[debug] [2019-10-15T23:33:23.570Z] > authorizing via signed-in user
[debug] [2019-10-15T23:33:23.570Z] [iam] checking project toxongaming for permissions ["firebase.projects.get"]
[debug] [2019-10-15T23:33:23.570Z] > refreshing access token with scopes: ["email","https://www.googleapis.com/auth/cloud-platform","https://www.googleapis.com/auth/cloudplatformprojects.readonly","https://www.googleapis.com/auth/firebase","openid"]
[debug] [2019-10-15T23:33:23.570Z] >>> HTTP REQUEST POST https://www.googleapis.com/oauth2/v3/token  
 <request body omitted>
[debug] [2019-10-15T23:33:24.253Z] <<< HTTP RESPONSE 200
[debug] [2019-10-15T23:33:24.306Z] >>> HTTP REQUEST POST https://cloudresourcemanager.googleapis.com/v1/projects/toxongaming:testIamPermissions  

[debug] [2019-10-15T23:33:25.242Z] <<< HTTP RESPONSE 200
[debug] [2019-10-15T23:33:25.242Z] >>> HTTP REQUEST GET https://firebase.googleapis.com/v1beta1/projects/toxongaming  
 
[debug] [2019-10-15T23:33:25.845Z] <<< HTTP RESPONSE 200
[info] 
[info] === Serving from 'C:\Users\Toxon'...
[info] 
[debug] [2019-10-15T23:33:25.845Z] >>> HTTP REQUEST GET https://firebase.googleapis.com/v1beta1/projects/toxongaming/webApps/-/config  
 
[debug] [2019-10-15T23:33:26.735Z] <<< HTTP RESPONSE 200
[info] i  hosting: Serving hosting files from: toxongaming
[info] +  hosting: Local server: http://localhost:5000
